<?xml version="1.0" encoding="UTF-8"?>
<!-- Generated by org.testng.reporters.JUnitReportReporter -->
<testsuite hostname="AST-353" name="com.acuitybrands.aatf.allspice.adminui.LoginPageTest" tests="1" failures="0" timestamp="12 Jul 2018 21:44:44 GMT" time="10.779" errors="0">
  <testcase name="ValidLoginTest_ValidUserNameValidPassword" time="10.779" classname="com.acuitybrands.aatf.allspice.adminui.LoginPageTest"/>
</testsuite> <!-- com.acuitybrands.aatf.allspice.adminui.LoginPageTest -->
