<?xml version="1.0" encoding="UTF-8"?>
<!-- Generated by org.testng.reporters.JUnitReportReporter -->
<testsuite hostname="AST-353" name="com.acuitybrands.aatf.allspice.adminui.LoginPageTest" tests="1" failures="0" timestamp="12 Jul 2018 14:45:14 GMT" time="15.902" errors="0">
  <testcase name="ValidLoginTest_ValidUserNameValidPassword" time="15.902" classname="com.acuitybrands.aatf.allspice.adminui.LoginPageTest"/>
</testsuite> <!-- com.acuitybrands.aatf.allspice.adminui.LoginPageTest -->
