<?xml version="1.0" encoding="UTF-8"?>
<!-- Generated by org.testng.reporters.JUnitReportReporter -->
<testsuite hostname="AST-344" name="com.acuitybrands.aatf.allspice.adminui.BuildingAddHoursOfOperationPageTest" tests="1" failures="0" timestamp="16 Jul 2018 10:47:02 GMT" time="76.108" errors="0">
  <testcase name="BuildingAddHoursOfOperation" time="76.108" classname="com.acuitybrands.aatf.allspice.adminui.BuildingAddHoursOfOperationPageTest"/>
</testsuite> <!-- com.acuitybrands.aatf.allspice.adminui.BuildingAddHoursOfOperationPageTest -->
