<?xml version="1.0" encoding="UTF-8"?>
<!-- Generated by org.testng.reporters.JUnitReportReporter -->
<testsuite hostname="AST-344" name="com.acuitybrands.aatf.allspice.adminui.DeleteOrganizationTest" tests="1" failures="0" timestamp="17 Jul 2018 08:57:03 GMT" time="146.859" errors="0">
  <testcase name="DeleteOrganization" time="146.859" classname="com.acuitybrands.aatf.allspice.adminui.DeleteOrganizationTest"/>
</testsuite> <!-- com.acuitybrands.aatf.allspice.adminui.DeleteOrganizationTest -->
