<?xml version="1.0" encoding="UTF-8"?>
<!-- Generated by org.testng.reporters.JUnitReportReporter -->
<testsuite hostname="AST-344" name="com.acuitybrands.aatf.allspice.adminui.CreateSitePageTest" tests="1" failures="0" timestamp="16 Jul 2018 11:12:46 GMT" time="65.799" errors="0">
  <testcase name="CreateSite" time="65.799" classname="com.acuitybrands.aatf.allspice.adminui.CreateSitePageTest"/>
</testsuite> <!-- com.acuitybrands.aatf.allspice.adminui.CreateSitePageTest -->
