<?xml version="1.0" encoding="UTF-8"?>
<!-- Generated by org.testng.reporters.JUnitReportReporter -->
<testsuite skipped="0" hostname="AST-353" name="com.acuitybrands.aatf.allspice.adminui.CreateZonePageTest" tests="1" failures="0" timestamp="19 Jul 2018 17:25:53 GMT" time="81.901" errors="0">
  <testcase name="CreateZone" time="81.901" classname="com.acuitybrands.aatf.allspice.adminui.CreateZonePageTest"/>
</testsuite> <!-- com.acuitybrands.aatf.allspice.adminui.CreateZonePageTest -->
