<?xml version="1.0" encoding="UTF-8"?>
<!-- Generated by org.testng.reporters.JUnitReportReporter -->
<testsuite hostname="AST-344" name="com.acuitybrands.aatf.allspice.adminui.CreateUserAssignmentTest" tests="1" failures="0" timestamp="16 Jul 2018 12:00:28 GMT" time="35.425" errors="0">
  <testcase name="UserAssignmentCreate" time="35.425" classname="com.acuitybrands.aatf.allspice.adminui.CreateUserAssignmentTest"/>
</testsuite> <!-- com.acuitybrands.aatf.allspice.adminui.CreateUserAssignmentTest -->
