<?xml version="1.0" encoding="UTF-8"?>
<!-- Generated by org.testng.reporters.JUnitReportReporter -->
<testsuite hostname="AST-344" name="com.acuitybrands.aatf.allspice.adminui.CreateFloorPageTest" tests="1" failures="0" timestamp="16 Jul 2018 10:23:19 GMT" time="68.892" errors="0">
  <testcase name="CreateFloor" time="68.892" classname="com.acuitybrands.aatf.allspice.adminui.CreateFloorPageTest"/>
</testsuite> <!-- com.acuitybrands.aatf.allspice.adminui.CreateFloorPageTest -->
