<?xml version="1.0" encoding="UTF-8"?>
<!-- Generated by org.testng.reporters.JUnitReportReporter -->
<testsuite hostname="AST-344" name="com.acuitybrands.aatf.allspice.adminui.CreateOrganizationPageTest" tests="1" failures="0" timestamp="16 Jul 2018 11:00:07 GMT" time="90.376" errors="0">
  <testcase name="OrganizationCreate" time="90.376" classname="com.acuitybrands.aatf.allspice.adminui.CreateOrganizationPageTest"/>
</testsuite> <!-- com.acuitybrands.aatf.allspice.adminui.CreateOrganizationPageTest -->
