<?xml version="1.0" encoding="UTF-8"?>
<!-- Generated by org.testng.reporters.JUnitReportReporter -->
<testsuite hostname="AST-344" name="com.acuitybrands.aatf.allspice.adminui.ValidateMainNavigationTest" tests="1" failures="0" timestamp="16 Jul 2018 11:04:36 GMT" time="50.460" errors="0">
  <testcase name="ValidateMainNavigations" time="50.460" classname="com.acuitybrands.aatf.allspice.adminui.ValidateMainNavigationTest"/>
</testsuite> <!-- com.acuitybrands.aatf.allspice.adminui.ValidateMainNavigationTest -->
