<?xml version="1.0" encoding="UTF-8"?>
<!-- Generated by org.testng.reporters.JUnitReportReporter -->
<testsuite hostname="AST-344" name="com.acuitybrands.aatf.allspice.adminui.CreateFloorSpacePageTest" tests="1" failures="0" timestamp="16 Jul 2018 10:13:23 GMT" time="46.301" errors="0">
  <testcase name="FloorCreate" time="46.301" classname="com.acuitybrands.aatf.allspice.adminui.CreateFloorSpacePageTest"/>
</testsuite> <!-- com.acuitybrands.aatf.allspice.adminui.CreateFloorSpacePageTest -->
