<?xml version="1.0" encoding="UTF-8"?>
<!-- Generated by org.testng.reporters.JUnitReportReporter -->
<testsuite hostname="AST-344" name="com.acuitybrands.aatf.allspice.adminui.ValidateSiteTabsTest" tests="1" failures="0" timestamp="16 Jul 2018 11:07:48 GMT" time="56.418" errors="0">
  <testcase name="ValidateSiteTabs" time="56.418" classname="com.acuitybrands.aatf.allspice.adminui.ValidateSiteTabsTest"/>
</testsuite> <!-- com.acuitybrands.aatf.allspice.adminui.ValidateSiteTabsTest -->
