<?xml version="1.0" encoding="UTF-8"?>
<!-- Generated by org.testng.reporters.JUnitReportReporter -->
<testsuite skipped="0" hostname="AST-693" name="com.acuitybrands.aatf.allspice.adminui.LoginPageTest" tests="2" failures="0" timestamp="18 Jul 2018 09:57:48 GMT" time="80.415" errors="0">
  <testcase name="ValidLoginTest_ValidUserNameValidPassword" time="43.796" classname="com.acuitybrands.aatf.allspice.adminui.LoginPageTest"/>
  <testcase name="ValidLoginTest_ValidUserNameValidPassword" time="36.619" classname="com.acuitybrands.aatf.allspice.adminui.LoginPageTest"/>
</testsuite> <!-- com.acuitybrands.aatf.allspice.adminui.LoginPageTest -->
