<?xml version="1.0" encoding="UTF-8"?>
<!-- Generated by org.testng.reporters.JUnitReportReporter -->
<testsuite hostname="AST-344" name="com.acuitybrands.aatf.allspice.adminui.CreateBuildingPageTest" tests="1" failures="0" timestamp="17 Jul 2018 08:15:03 GMT" time="68.809" errors="0">
  <testcase name="CreateBuilding" time="68.809" classname="com.acuitybrands.aatf.allspice.adminui.CreateBuildingPageTest"/>
</testsuite> <!-- com.acuitybrands.aatf.allspice.adminui.CreateBuildingPageTest -->
