<?xml version="1.0" encoding="UTF-8"?>
<!-- Generated by org.testng.reporters.JUnitReportReporter -->
<testsuite hostname="AST-344" name="com.acuitybrands.aatf.allspice.adminui.CreateUserAssignmentPageTest" tests="1" failures="0" timestamp="16 Jul 2018 12:02:35 GMT" time="43.394" errors="0">
  <testcase name="UserAssignmentCreate" time="43.394" classname="com.acuitybrands.aatf.allspice.adminui.CreateUserAssignmentPageTest"/>
</testsuite> <!-- com.acuitybrands.aatf.allspice.adminui.CreateUserAssignmentPageTest -->
