<?xml version="1.0" encoding="UTF-8"?>
<!-- Generated by org.testng.reporters.JUnitReportReporter -->
<testsuite hostname="AST-344" name="com.acuitybrands.aatf.allspice.adminui.CreateFloorSpaceTest" tests="1" failures="0" timestamp="16 Jul 2018 08:59:30 GMT" time="45.127" errors="0">
  <testcase name="FloorCreate" time="45.127" classname="com.acuitybrands.aatf.allspice.adminui.CreateFloorSpaceTest"/>
</testsuite> <!-- com.acuitybrands.aatf.allspice.adminui.CreateFloorSpaceTest -->
