<?xml version="1.0" encoding="UTF-8"?>
<!-- Generated by org.testng.reporters.JUnitReportReporter -->
<testsuite hostname="AST-353" name="com.acuitybrands.aatf.allspice.adminui.UserAssignmentCreationTest" tests="1" failures="0" timestamp="11 Jul 2018 23:24:29 GMT" time="10.802" errors="0">
  <testcase name="UserAssignmentCreate" time="10.802" classname="com.acuitybrands.aatf.allspice.adminui.UserAssignmentCreationTest"/>
</testsuite> <!-- com.acuitybrands.aatf.allspice.adminui.UserAssignmentCreationTest -->
