<?xml version="1.0" encoding="UTF-8"?>
<!-- Generated by org.testng.reporters.JUnitReportReporter -->
<testsuite hostname="AST-344" name="com.acuitybrands.aatf.allspice.adminui.CreateUserPageTest" tests="1" failures="0" timestamp="16 Jul 2018 13:33:49 GMT" time="41.598" errors="0">
  <testcase name="UserCreate" time="41.598" classname="com.acuitybrands.aatf.allspice.adminui.CreateUserPageTest"/>
</testsuite> <!-- com.acuitybrands.aatf.allspice.adminui.CreateUserPageTest -->
